
Loading MNIST Data...

Preparing Classifier Training and Validation Data...

SVM Classifier with gamma = 0.1; Kernel = polynomial

Pickling the Classifier for Future Use...

Calculating Accuracy of trained Classifier...

Making Predictions on Validation Data...

Calculating Accuracy of Predictions...

Creating Confusion Matrix...

SVM Trained Classifier Accuracy:  0.9812857142857143

Predicted Values:  ['0' '8' '7' ... '8' '6' '8']

Accuracy of Classifier on Validation Images:  0.9812857142857143

Confusion Matrix: 
 [[700   0   1   1   0   1   0   0   0   0]
 [  0 738   0   0   1   0   2   1   1   0]
 [  1   2 682   2   1   0   1   4   5   0]
 [  0   0   4 707   1   3   0   1   3   2]
 [  0   1   5   0 667   0   3   2   1   6]
 [  1   1   1   4   0 653   3   1   4   2]
 [  1   1   0   0   3   8 647   0   2   0]
 [  0   4   1   1   1   2   0 723   0   2]
 [  2   2   3   2   0   6   0   0 666   4]
 [  0   1   0   1   5   1   0   3   2 686]]

Making Predictions on Test Input Images...

Calculating Accuracy of Trained Classifier on Test Data... 

Creating Confusion Matrix for Test Data...

Predicted Labels for Test Images:  ['5' '0' '4' ... '4' '5' '6']

Accuracy of Classifier on Test Images:  0.9981285714285715

Confusion Matrix for Test Data: 
 [[6900    0    1    1    0    1    0    0    0    0]
 [   0 7872    0    0    1    0    2    1    1    0]
 [   1    2 6974    2    1    0    1    4    5    0]
 [   0    0    4 7127    1    3    0    1    3    2]
 [   0    1    5    0 6806    0    3    2    1    6]
 [   1    1    1    4    0 6296    3    1    4    2]
 [   1    1    0    0    3    8 6861    0    2    0]
 [   0    4    1    1    1    2    0 7282    0    2]
 [   2    2    3    2    0    6    0    0 6806    4]
 [   0    1    0    1    5    1    0    3    2 6945]]
